5.7938 	WARNING 	We strongly recommend you activate the PTB sound engine in PsychoPy prefs as the preferred audio engine. Its timing is vastly superior. Your prefs are currently set to use ['sounddevice', 'PTB', 'pyo', ''] (in that order).
11.6966 	WARNING 	User requested fullscreen with size [1024  768], but screen is actually [1920, 1080]. Using actual size
13.4037 	EXP 	Created window1 = Window(allowGUI=True, allowStencil=False, autoLog=True, backendConf=UNKNOWN, bitsMode=UNKNOWN, blendMode='avg', bpc=(8, 8, 8), color=array([0, 0, 0]), colorSpace='rgb', depthBits=8, fullscr=<method-wrapper '__getattribute__' of attributeSetter object at 0x000001E4501C1F70>, gamma=None, gammaErrorPolicy='raise', lms=UNKNOWN, monitor=<psychopy.monitors.calibTools.Monitor object at 0x000001E4506A7BE0>, multiSample=False, name='window1', numSamples=2, pos=(0, 0), screen=0, size=array([1920, 1080]), stencilBits=0, stereo=False, units='height', useFBO=True, useRetina=False, viewOri=0.0, viewPos=None, viewScale=None, waitBlanking=True, winType='pyglet')
13.4038 	EXP 	window1: mouseVisible = True
13.4039 	EXP 	window1: mouseVisible = False
13.4039 	EXP 	window1: Attempting to measure frame rate of screen (0) ...
13.4039 	EXP 	window1: recordFrameIntervals = False
13.5699 	EXP 	window1: recordFrameIntervals = True
13.7537 	EXP 	Screen (0) actual frame rate measured at 59.96Hz
13.7538 	EXP 	window1: recordFrameIntervals = False
16.1249 	EXP 	Created text = TextStim(__class__=<class 'psychopy.visual.text.TextStim'>, alignHoriz=method-wrapper(...), alignText='center', alignVert=method-wrapper(...), anchorHoriz='center', anchorVert='center', antialias=True, autoDraw=False, autoLog=True, bold=False, color=array([1., 1., 1.]), colorSpace='rgb', contrast=1.0, depth=0.0, flipHoriz=False, flipVert=False, font='Open Sans', fontFiles=[], height=0.05, italic=False, languageStyle='LTR', name='text', opacity=1.0, ori=0.0, pos=array([0., 0.]), rgb=UNKNOWN, text='', units='height', win=Window(...), wrapWidth=1)
16.1350 	EXP 	window1: mouseVisible = True
16.2650 	EXP 	Created slider = Slider(__class__=<class 'psychopy.visual.slider.Slider'>, autoDraw=False, autoLog=True, borderColor=None, color=None, colorSpace='rgb', depth=-1, fillColor=None, flip=False, font='Open Sans', granularity=0.0, labelColor=None, labelHeight=0.05, labelWrapWidth=None, labels=['Familiar', 'Unfamiliar'], lineColor=None, markerColor=None, name='slider', opacity=None, ori=0.0, pos=array([ 0. , -0.3]), readOnly=False, self=UNKNOWN, size=array([1. , 0.1]), startValue=None, style='rating', styleTweaks=[], ticks=array([1, 2, 3, 4, 5]), units='height', win=Window(...))
16.2669 	EXP 	Created text_2 = TextStim(__class__=<class 'psychopy.visual.text.TextStim'>, alignHoriz=method-wrapper(...), alignText='center', alignVert=method-wrapper(...), anchorHoriz='center', anchorVert='center', antialias=True, autoDraw=False, autoLog=True, bold=False, color=array([1., 1., 1.]), colorSpace='rgb', contrast=1.0, depth=0.0, flipHoriz=False, flipVert=False, font='Open Sans', fontFiles=[], height=0.05, italic=False, languageStyle='LTR', name='text_2', opacity=1.0, ori=0.0, pos=array([0. , 0.3]), rgb=UNKNOWN, text='', units='height', win=Window(...), wrapWidth=1)
16.3547 	EXP 	Created text_3 = TextStim(__class__=<class 'psychopy.visual.text.TextStim'>, alignHoriz=method-wrapper(...), alignText='center', alignVert=method-wrapper(...), anchorHoriz='center', anchorVert='center', antialias=True, autoDraw=False, autoLog=True, bold=False, color=array([1., 1., 1.]), colorSpace='rgb', contrast=1.0, depth=-2.0, flipHoriz=False, flipVert=False, font='Open Sans', fontFiles=[], height=0.05, italic=False, languageStyle='LTR', name='text_3', opacity=1.0, ori=0.0, pos=array([ 0. , -0.3]), rgb=UNKNOWN, text='Click to Submit', units='height', win=Window(...), wrapWidth=1)
16.3548 	EXP 	window1: mouseVisible = True
16.3607 	EXP 	Imported study_words.xlsx as conditions, 5 conditions, 1 params
16.3613 	EXP 	Created sequence: random, trialTypes=5, nReps=5, seed=None
16.3616 	EXP 	New trial (rep=0, index=0): {'study_words': 'vase'}
16.3985 	EXP 	slider: autoLog = True
16.3985 	EXP 	slider: markerPos = None
16.3985 	EXP 	slider: styleTweaks = []
16.3985 	EXP 	slider: styleTweaks = []
16.3985 	EXP 	slider: styleTweaks = []
16.3985 	EXP 	slider: styleTweaks = []
16.3985 	EXP 	slider: contrast = 1.0
16.3985 	EXP 	slider: autoLog = True
16.3985 	EXP 	textbox: autoLog = True
16.3985 	EXP 	text: height = 0.05
16.3985 	EXP 	text: height = 0.05
16.3985 	EXP 	text: height = 0.05
16.3985 	EXP 	text: text = 'vase'
16.3985 	EXP 	slider: markerPos = None
16.3985 	EXP 	slider: markerPos = None
16.3985 	EXP 	text: autoDraw = True
16.3985 	EXP 	slider: autoDraw = True
17.8603 	DATA 	Mouse: Left button down, pos=(430,206)
17.8882 	EXP 	slider: markerPos = 1.037037037037037
17.9049 	EXP 	slider: markerPos = 1.037037037037037
17.9216 	EXP 	slider: markerPos = 1.037037037037037
17.9382 	EXP 	slider: markerPos = 1.037037037037037
17.9550 	EXP 	slider: markerPos = 1.037037037037037
17.9715 	EXP 	slider: markerPos = 1.037037037037037
17.9883 	EXP 	slider: markerPos = 1.037037037037037
18.0048 	EXP 	slider: markerPos = 1.037037037037037
18.0216 	EXP 	slider: markerPos = 1.037037037037037
18.0382 	EXP 	slider: markerPos = 1.037037037037037
18.0549 	EXP 	slider: markerPos = 1.037037037037037
18.0716 	EXP 	slider: markerPos = 1.037037037037037
18.0803 	DATA 	Mouse:  Left button up, pos=(430,206)
18.0884 	EXP 	slider: markerPos = 1.037037037037037
18.1051 	EXP 	slider: markerPos = 1.037037037037037
18.1106 	EXP 	New trial (rep=0, index=1): {'study_words': 'tiger'}
18.1313 	EXP 	text: autoDraw = False
18.1313 	EXP 	slider: autoDraw = False
18.1313 	EXP 	text: height = 0.05
18.1313 	EXP 	text: height = 0.05
18.1313 	EXP 	text: height = 0.05
18.1313 	EXP 	text: text = 'tiger'
18.1313 	EXP 	slider: markerPos = None
18.1313 	EXP 	slider: markerPos = None
18.1313 	EXP 	text: autoDraw = True
18.1313 	EXP 	slider: autoDraw = True
19.1572 	DATA 	Mouse: Left button down, pos=(430,206)
19.1719 	EXP 	slider: markerPos = 1.037037037037037
19.1886 	EXP 	slider: markerPos = 1.037037037037037
19.2055 	EXP 	slider: markerPos = 1.037037037037037
19.2223 	EXP 	slider: markerPos = 1.037037037037037
19.2387 	EXP 	slider: markerPos = 1.037037037037037
19.2554 	EXP 	slider: markerPos = 1.037037037037037
19.2721 	EXP 	slider: markerPos = 1.037037037037037
19.2887 	EXP 	slider: markerPos = 1.037037037037037
19.3055 	EXP 	slider: markerPos = 1.037037037037037
19.3221 	EXP 	slider: markerPos = 1.037037037037037
19.3389 	EXP 	slider: markerPos = 1.037037037037037
19.3555 	EXP 	slider: markerPos = 1.037037037037037
19.3722 	EXP 	slider: markerPos = 1.037037037037037
19.3741 	DATA 	Mouse:  Left button up, pos=(430,206)
19.3889 	EXP 	slider: markerPos = 1.037037037037037
19.3923 	EXP 	New trial (rep=0, index=2): {'study_words': 'piano'}
19.4135 	EXP 	text: autoDraw = False
19.4135 	EXP 	slider: autoDraw = False
19.4135 	EXP 	text: height = 0.05
19.4135 	EXP 	text: height = 0.05
19.4135 	EXP 	text: height = 0.05
19.4135 	EXP 	text: text = 'piano'
19.4135 	EXP 	slider: markerPos = None
19.4135 	EXP 	slider: markerPos = None
19.4135 	EXP 	text: autoDraw = True
19.4135 	EXP 	slider: autoDraw = True
20.1445 	DATA 	Mouse: Left button down, pos=(430,206)
20.1724 	EXP 	slider: markerPos = 1.037037037037037
20.1891 	EXP 	slider: markerPos = 1.037037037037037
20.2058 	EXP 	slider: markerPos = 1.037037037037037
20.2224 	EXP 	slider: markerPos = 1.037037037037037
20.2390 	EXP 	slider: markerPos = 1.037037037037037
20.2558 	EXP 	slider: markerPos = 1.037037037037037
20.2725 	EXP 	slider: markerPos = 1.037037037037037
20.2893 	EXP 	slider: markerPos = 1.037037037037037
20.3058 	EXP 	slider: markerPos = 1.037037037037037
20.3230 	EXP 	slider: markerPos = 1.037037037037037
20.3393 	EXP 	slider: markerPos = 1.037037037037037
20.3566 	EXP 	slider: markerPos = 1.037037037037037
20.3726 	EXP 	slider: markerPos = 1.037037037037037
20.3742 	DATA 	Mouse:  Left button up, pos=(430,206)
20.3893 	EXP 	slider: markerPos = 1.037037037037037
20.3924 	EXP 	New trial (rep=0, index=3): {'study_words': 'book'}
20.4074 	EXP 	text: autoDraw = False
20.4074 	EXP 	slider: autoDraw = False
20.4074 	EXP 	text: height = 0.05
20.4074 	EXP 	text: height = 0.05
20.4074 	EXP 	text: height = 0.05
20.4074 	EXP 	text: text = 'book'
20.4074 	EXP 	slider: markerPos = None
20.4074 	EXP 	slider: markerPos = None
20.4074 	EXP 	text: autoDraw = True
20.4074 	EXP 	slider: autoDraw = True
21.2911 	DATA 	Mouse: Left button down, pos=(430,206)
21.3061 	EXP 	slider: markerPos = 1.037037037037037
21.3228 	EXP 	slider: markerPos = 1.037037037037037
21.3395 	EXP 	slider: markerPos = 1.037037037037037
21.3562 	EXP 	slider: markerPos = 1.037037037037037
21.3733 	EXP 	slider: markerPos = 1.037037037037037
21.3895 	EXP 	slider: markerPos = 1.037037037037037
21.4065 	EXP 	slider: markerPos = 1.037037037037037
21.4229 	EXP 	slider: markerPos = 1.037037037037037
21.4396 	EXP 	slider: markerPos = 1.037037037037037
21.4571 	EXP 	slider: markerPos = 1.037037037037037
21.4729 	EXP 	slider: markerPos = 1.037037037037037
21.4898 	EXP 	slider: markerPos = 1.037037037037037
21.5063 	EXP 	slider: markerPos = 1.037037037037037
21.5229 	EXP 	slider: markerPos = 1.037037037037037
21.5249 	DATA 	Mouse:  Left button up, pos=(430,206)
21.5397 	EXP 	slider: markerPos = 1.037037037037037
21.5429 	EXP 	New trial (rep=0, index=4): {'study_words': 'cushion'}
21.5600 	EXP 	text: autoDraw = False
21.5600 	EXP 	slider: autoDraw = False
21.5600 	EXP 	text: height = 0.05
21.5600 	EXP 	text: height = 0.05
21.5600 	EXP 	text: height = 0.05
21.5600 	EXP 	text: text = 'cushion'
21.5600 	EXP 	slider: markerPos = None
21.5600 	EXP 	slider: markerPos = None
21.5600 	EXP 	text: autoDraw = True
21.5600 	EXP 	slider: autoDraw = True
22.1622 	DATA 	Mouse: Left button down, pos=(430,206)
22.1899 	EXP 	slider: markerPos = 1.037037037037037
22.2065 	EXP 	slider: markerPos = 1.037037037037037
22.2232 	EXP 	slider: markerPos = 1.037037037037037
22.2400 	EXP 	slider: markerPos = 1.037037037037037
22.2566 	EXP 	slider: markerPos = 1.037037037037037
22.2758 	EXP 	slider: markerPos = 1.037037037037037
22.2900 	EXP 	slider: markerPos = 1.037037037037037
22.3068 	EXP 	slider: markerPos = 1.037037037037037
22.3232 	EXP 	slider: markerPos = 1.037037037037037
22.3400 	EXP 	slider: markerPos = 1.037037037037037
22.3567 	EXP 	slider: markerPos = 1.037037037037037
22.3734 	EXP 	slider: markerPos = 1.037037037037037
22.3823 	DATA 	Mouse:  Left button up, pos=(430,206)
22.3900 	EXP 	slider: markerPos = 1.037037037037037
22.4067 	EXP 	slider: markerPos = 1.037037037037037
22.4104 	EXP 	New trial (rep=1, index=0): {'study_words': 'book'}
22.4255 	EXP 	text: autoDraw = False
22.4255 	EXP 	slider: autoDraw = False
22.4255 	EXP 	text: height = 0.05
22.4255 	EXP 	text: height = 0.05
22.4255 	EXP 	text: height = 0.05
22.4255 	EXP 	text: text = 'book'
22.4255 	EXP 	slider: markerPos = None
22.4255 	EXP 	slider: markerPos = None
22.4255 	EXP 	text: autoDraw = True
22.4255 	EXP 	slider: autoDraw = True
22.9256 	DATA 	Mouse: Left button down, pos=(430,206)
22.9402 	EXP 	slider: markerPos = 1.037037037037037
22.9567 	EXP 	slider: markerPos = 1.037037037037037
22.9735 	EXP 	slider: markerPos = 1.037037037037037
22.9902 	EXP 	slider: markerPos = 1.037037037037037
23.0069 	EXP 	slider: markerPos = 1.037037037037037
23.0235 	EXP 	slider: markerPos = 1.037037037037037
23.0402 	EXP 	slider: markerPos = 1.037037037037037
23.0569 	EXP 	slider: markerPos = 1.037037037037037
23.0736 	EXP 	slider: markerPos = 1.037037037037037
23.0901 	EXP 	slider: markerPos = 1.037037037037037
23.1070 	EXP 	slider: markerPos = 1.037037037037037
23.1236 	EXP 	slider: markerPos = 1.037037037037037
23.1403 	EXP 	slider: markerPos = 1.037037037037037
23.1569 	EXP 	slider: markerPos = 1.037037037037037
23.1586 	DATA 	Mouse:  Left button up, pos=(430,206)
23.1736 	EXP 	slider: markerPos = 1.037037037037037
23.1769 	EXP 	New trial (rep=1, index=1): {'study_words': 'piano'}
23.1916 	EXP 	text: autoDraw = False
23.1916 	EXP 	slider: autoDraw = False
23.1916 	EXP 	text: height = 0.05
23.1916 	EXP 	text: height = 0.05
23.1916 	EXP 	text: height = 0.05
23.1916 	EXP 	text: text = 'piano'
23.1916 	EXP 	slider: markerPos = None
23.1916 	EXP 	slider: markerPos = None
23.1916 	EXP 	text: autoDraw = True
23.1916 	EXP 	slider: autoDraw = True
23.7252 	DATA 	Mouse: Left button down, pos=(430,206)
23.7405 	EXP 	slider: markerPos = 1.037037037037037
23.7571 	EXP 	slider: markerPos = 1.037037037037037
23.7739 	EXP 	slider: markerPos = 1.037037037037037
23.7904 	EXP 	slider: markerPos = 1.037037037037037
23.8071 	EXP 	slider: markerPos = 1.037037037037037
23.8239 	EXP 	slider: markerPos = 1.037037037037037
23.8404 	EXP 	slider: markerPos = 1.037037037037037
23.8572 	EXP 	slider: markerPos = 1.037037037037037
23.8739 	EXP 	slider: markerPos = 1.037037037037037
23.8906 	EXP 	slider: markerPos = 1.037037037037037
23.9072 	EXP 	slider: markerPos = 1.037037037037037
23.9238 	EXP 	slider: markerPos = 1.037037037037037
23.9405 	EXP 	slider: markerPos = 1.037037037037037
23.9423 	DATA 	Mouse:  Left button up, pos=(430,206)
23.9573 	EXP 	slider: markerPos = 1.037037037037037
23.9605 	EXP 	New trial (rep=1, index=2): {'study_words': 'vase'}
23.9773 	EXP 	text: autoDraw = False
23.9773 	EXP 	slider: autoDraw = False
23.9773 	EXP 	text: height = 0.05
23.9773 	EXP 	text: height = 0.05
23.9773 	EXP 	text: height = 0.05
23.9773 	EXP 	text: text = 'vase'
23.9773 	EXP 	slider: markerPos = None
23.9773 	EXP 	slider: markerPos = None
23.9773 	EXP 	text: autoDraw = True
23.9773 	EXP 	slider: autoDraw = True
24.6758 	DATA 	Mouse: Left button down, pos=(430,206)
24.6909 	EXP 	slider: markerPos = 1.037037037037037
24.7076 	EXP 	slider: markerPos = 1.037037037037037
24.7241 	EXP 	slider: markerPos = 1.037037037037037
24.7409 	EXP 	slider: markerPos = 1.037037037037037
24.7576 	EXP 	slider: markerPos = 1.037037037037037
24.7742 	EXP 	slider: markerPos = 1.037037037037037
24.7909 	EXP 	slider: markerPos = 1.037037037037037
24.8076 	EXP 	slider: markerPos = 1.037037037037037
24.8242 	EXP 	slider: markerPos = 1.037037037037037
24.8410 	EXP 	slider: markerPos = 1.037037037037037
24.8575 	EXP 	slider: markerPos = 1.037037037037037
24.8743 	EXP 	slider: markerPos = 1.037037037037037
24.8909 	EXP 	slider: markerPos = 1.037037037037037
24.8927 	DATA 	Mouse:  Left button up, pos=(430,206)
24.9076 	EXP 	slider: markerPos = 1.037037037037037
24.9108 	EXP 	New trial (rep=1, index=3): {'study_words': 'cushion'}
24.9257 	EXP 	text: autoDraw = False
24.9257 	EXP 	slider: autoDraw = False
24.9257 	EXP 	text: height = 0.05
24.9257 	EXP 	text: height = 0.05
24.9257 	EXP 	text: height = 0.05
24.9257 	EXP 	text: text = 'cushion'
24.9257 	EXP 	slider: markerPos = None
24.9257 	EXP 	slider: markerPos = None
24.9257 	EXP 	text: autoDraw = True
24.9257 	EXP 	slider: autoDraw = True
25.5931 	DATA 	Mouse: Left button down, pos=(430,206)
25.6079 	EXP 	slider: markerPos = 1.037037037037037
25.6244 	EXP 	slider: markerPos = 1.037037037037037
25.6412 	EXP 	slider: markerPos = 1.037037037037037
25.6579 	EXP 	slider: markerPos = 1.037037037037037
25.6745 	EXP 	slider: markerPos = 1.037037037037037
25.6913 	EXP 	slider: markerPos = 1.037037037037037
25.7083 	EXP 	slider: markerPos = 1.037037037037037
25.7246 	EXP 	slider: markerPos = 1.037037037037037
25.7413 	EXP 	slider: markerPos = 1.037037037037037
25.7579 	EXP 	slider: markerPos = 1.037037037037037
25.7748 	EXP 	slider: markerPos = 1.037037037037037
25.7913 	EXP 	slider: markerPos = 1.037037037037037
25.8080 	EXP 	slider: markerPos = 1.037037037037037
25.8179 	DATA 	Mouse:  Left button up, pos=(430,206)
25.8247 	EXP 	slider: markerPos = 1.037037037037037
25.8412 	EXP 	slider: markerPos = 1.037037037037037
25.8453 	EXP 	New trial (rep=1, index=4): {'study_words': 'tiger'}
25.8608 	EXP 	text: autoDraw = False
25.8608 	EXP 	slider: autoDraw = False
25.8608 	EXP 	text: height = 0.05
25.8608 	EXP 	text: height = 0.05
25.8608 	EXP 	text: height = 0.05
25.8608 	EXP 	text: text = 'tiger'
25.8608 	EXP 	slider: markerPos = None
25.8608 	EXP 	slider: markerPos = None
25.8608 	EXP 	text: autoDraw = True
25.8608 	EXP 	slider: autoDraw = True
26.3811 	DATA 	Mouse: Left button down, pos=(430,206)
26.3896 	EXP 	slider: markerPos = 1.037037037037037
26.4000 	EXP 	slider: markerPos = 1.037037037037037
26.4108 	EXP 	slider: markerPos = 1.037037037037037
26.4248 	EXP 	slider: markerPos = 1.037037037037037
26.4415 	EXP 	slider: markerPos = 1.037037037037037
26.4586 	EXP 	slider: markerPos = 1.037037037037037
26.4748 	EXP 	slider: markerPos = 1.037037037037037
26.4915 	EXP 	slider: markerPos = 1.037037037037037
26.5083 	EXP 	slider: markerPos = 1.037037037037037
26.5248 	EXP 	slider: markerPos = 1.037037037037037
26.5415 	EXP 	slider: markerPos = 1.037037037037037
26.5582 	EXP 	slider: markerPos = 1.037037037037037
26.5749 	EXP 	slider: markerPos = 1.037037037037037
26.5837 	DATA 	Mouse:  Left button up, pos=(430,206)
26.5918 	EXP 	slider: markerPos = 1.037037037037037
26.6083 	EXP 	slider: markerPos = 1.037037037037037
26.6113 	EXP 	New trial (rep=2, index=0): {'study_words': 'cushion'}
26.6273 	EXP 	text: autoDraw = False
26.6273 	EXP 	slider: autoDraw = False
26.6273 	EXP 	text: height = 0.05
26.6273 	EXP 	text: height = 0.05
26.6273 	EXP 	text: height = 0.05
26.6273 	EXP 	text: text = 'cushion'
26.6273 	EXP 	slider: markerPos = None
26.6273 	EXP 	slider: markerPos = None
26.6273 	EXP 	text: autoDraw = True
26.6273 	EXP 	slider: autoDraw = True
27.3600 	DATA 	Mouse: Left button down, pos=(430,206)
27.3752 	EXP 	slider: markerPos = 1.037037037037037
27.3919 	EXP 	slider: markerPos = 1.037037037037037
27.4085 	EXP 	slider: markerPos = 1.037037037037037
27.4253 	EXP 	slider: markerPos = 1.037037037037037
27.4419 	EXP 	slider: markerPos = 1.037037037037037
27.4585 	EXP 	slider: markerPos = 1.037037037037037
27.4756 	EXP 	slider: markerPos = 1.037037037037037
27.4918 	EXP 	slider: markerPos = 1.037037037037037
27.5085 	EXP 	slider: markerPos = 1.037037037037037
27.5253 	EXP 	slider: markerPos = 1.037037037037037
27.5418 	EXP 	slider: markerPos = 1.037037037037037
27.5586 	EXP 	slider: markerPos = 1.037037037037037
27.5752 	EXP 	slider: markerPos = 1.037037037037037
27.5839 	DATA 	Mouse:  Left button up, pos=(430,206)
27.5920 	EXP 	slider: markerPos = 1.037037037037037
27.6085 	EXP 	slider: markerPos = 1.037037037037037
27.6123 	EXP 	New trial (rep=2, index=1): {'study_words': 'piano'}
27.6281 	EXP 	text: autoDraw = False
27.6281 	EXP 	slider: autoDraw = False
27.6281 	EXP 	text: height = 0.05
27.6281 	EXP 	text: height = 0.05
27.6281 	EXP 	text: height = 0.05
27.6281 	EXP 	text: text = 'piano'
27.6281 	EXP 	slider: markerPos = None
27.6281 	EXP 	slider: markerPos = None
27.6281 	EXP 	text: autoDraw = True
27.6281 	EXP 	slider: autoDraw = True
28.1639 	DATA 	Mouse: Left button down, pos=(430,206)
28.1922 	EXP 	slider: markerPos = 1.037037037037037
28.2088 	EXP 	slider: markerPos = 1.037037037037037
28.2256 	EXP 	slider: markerPos = 1.037037037037037
28.2422 	EXP 	slider: markerPos = 1.037037037037037
28.2588 	EXP 	slider: markerPos = 1.037037037037037
28.2756 	EXP 	slider: markerPos = 1.037037037037037
28.2923 	EXP 	slider: markerPos = 1.037037037037037
28.3089 	EXP 	slider: markerPos = 1.037037037037037
28.3257 	EXP 	slider: markerPos = 1.037037037037037
28.3422 	EXP 	slider: markerPos = 1.037037037037037
28.3589 	EXP 	slider: markerPos = 1.037037037037037
28.3756 	EXP 	slider: markerPos = 1.037037037037037
28.3924 	EXP 	slider: markerPos = 1.037037037037037
28.3942 	DATA 	Mouse:  Left button up, pos=(430,206)
28.4088 	EXP 	slider: markerPos = 1.037037037037037
28.4118 	EXP 	New trial (rep=2, index=2): {'study_words': 'vase'}
28.4291 	EXP 	text: autoDraw = False
28.4291 	EXP 	slider: autoDraw = False
28.4291 	EXP 	text: height = 0.05
28.4291 	EXP 	text: height = 0.05
28.4291 	EXP 	text: height = 0.05
28.4291 	EXP 	text: text = 'vase'
28.4291 	EXP 	slider: markerPos = None
28.4291 	EXP 	slider: markerPos = None
28.4291 	EXP 	text: autoDraw = True
28.4291 	EXP 	slider: autoDraw = True
29.0140 	DATA 	Mouse: Left button down, pos=(430,206)
29.0424 	EXP 	slider: markerPos = 1.037037037037037
29.0592 	EXP 	slider: markerPos = 1.037037037037037
29.0759 	EXP 	slider: markerPos = 1.037037037037037
29.0925 	EXP 	slider: markerPos = 1.037037037037037
29.1103 	EXP 	slider: markerPos = 1.037037037037037
29.1258 	EXP 	slider: markerPos = 1.037037037037037
29.1425 	EXP 	slider: markerPos = 1.037037037037037
29.1592 	EXP 	slider: markerPos = 1.037037037037037
29.1759 	EXP 	slider: markerPos = 1.037037037037037
29.1926 	EXP 	slider: markerPos = 1.037037037037037
29.2092 	EXP 	slider: markerPos = 1.037037037037037
29.2259 	EXP 	slider: markerPos = 1.037037037037037
29.2425 	EXP 	slider: markerPos = 1.037037037037037
29.2445 	DATA 	Mouse:  Left button up, pos=(430,206)
29.2592 	EXP 	slider: markerPos = 1.037037037037037
29.2624 	EXP 	New trial (rep=2, index=3): {'study_words': 'book'}
29.2780 	EXP 	text: autoDraw = False
29.2780 	EXP 	slider: autoDraw = False
29.2780 	EXP 	text: height = 0.05
29.2780 	EXP 	text: height = 0.05
29.2780 	EXP 	text: height = 0.05
29.2780 	EXP 	text: text = 'book'
29.2780 	EXP 	slider: markerPos = None
29.2780 	EXP 	slider: markerPos = None
29.2780 	EXP 	text: autoDraw = True
29.2780 	EXP 	slider: autoDraw = True
29.6944 	DATA 	Mouse: Left button down, pos=(430,206)
29.7095 	EXP 	slider: markerPos = 1.037037037037037
29.7263 	EXP 	slider: markerPos = 1.037037037037037
29.7427 	EXP 	slider: markerPos = 1.037037037037037
29.7596 	EXP 	slider: markerPos = 1.037037037037037
29.7761 	EXP 	slider: markerPos = 1.037037037037037
29.7929 	EXP 	slider: markerPos = 1.037037037037037
29.8096 	EXP 	slider: markerPos = 1.037037037037037
29.8261 	EXP 	slider: markerPos = 1.037037037037037
29.8427 	EXP 	slider: markerPos = 1.037037037037037
29.8598 	EXP 	slider: markerPos = 1.037037037037037
29.8760 	EXP 	slider: markerPos = 1.037037037037037
29.8928 	EXP 	slider: markerPos = 1.037037037037037
29.9095 	EXP 	slider: markerPos = 1.037037037037037
29.9185 	DATA 	Mouse:  Left button up, pos=(430,206)
29.9260 	EXP 	slider: markerPos = 1.037037037037037
29.9428 	EXP 	slider: markerPos = 1.037037037037037
29.9459 	EXP 	New trial (rep=2, index=4): {'study_words': 'tiger'}
29.9631 	EXP 	text: autoDraw = False
29.9631 	EXP 	slider: autoDraw = False
29.9631 	EXP 	text: height = 0.05
29.9631 	EXP 	text: height = 0.05
29.9631 	EXP 	text: height = 0.05
29.9631 	EXP 	text: text = 'tiger'
29.9631 	EXP 	slider: markerPos = None
29.9631 	EXP 	slider: markerPos = None
29.9631 	EXP 	text: autoDraw = True
29.9631 	EXP 	slider: autoDraw = True
30.3784 	DATA 	Mouse: Left button down, pos=(430,206)
30.3925 	EXP 	slider: markerPos = 1.037037037037037
30.4098 	EXP 	slider: markerPos = 1.037037037037037
30.4263 	EXP 	slider: markerPos = 1.037037037037037
30.4429 	EXP 	slider: markerPos = 1.037037037037037
30.4597 	EXP 	slider: markerPos = 1.037037037037037
30.4763 	EXP 	slider: markerPos = 1.037037037037037
30.4931 	EXP 	slider: markerPos = 1.037037037037037
30.5100 	EXP 	slider: markerPos = 1.037037037037037
30.5262 	EXP 	slider: markerPos = 1.037037037037037
30.5432 	EXP 	slider: markerPos = 1.037037037037037
30.5598 	EXP 	slider: markerPos = 1.037037037037037
30.5783 	EXP 	slider: markerPos = 1.037037037037037
30.5930 	EXP 	slider: markerPos = 1.037037037037037
30.5946 	DATA 	Mouse:  Left button up, pos=(430,206)
30.6099 	EXP 	slider: markerPos = 1.037037037037037
30.6133 	EXP 	New trial (rep=3, index=0): {'study_words': 'cushion'}
30.6296 	EXP 	text: autoDraw = False
30.6296 	EXP 	slider: autoDraw = False
30.6296 	EXP 	text: height = 0.05
30.6296 	EXP 	text: height = 0.05
30.6296 	EXP 	text: height = 0.05
30.6296 	EXP 	text: text = 'cushion'
30.6296 	EXP 	slider: markerPos = None
30.6296 	EXP 	slider: markerPos = None
30.6296 	EXP 	text: autoDraw = True
30.6296 	EXP 	slider: autoDraw = True
31.0445 	DATA 	Mouse: Left button down, pos=(430,206)
31.0599 	EXP 	slider: markerPos = 1.037037037037037
31.0773 	EXP 	slider: markerPos = 1.037037037037037
31.0933 	EXP 	slider: markerPos = 1.037037037037037
31.1105 	EXP 	slider: markerPos = 1.037037037037037
31.1266 	EXP 	slider: markerPos = 1.037037037037037
31.1433 	EXP 	slider: markerPos = 1.037037037037037
31.1600 	EXP 	slider: markerPos = 1.037037037037037
31.1767 	EXP 	slider: markerPos = 1.037037037037037
31.1932 	EXP 	slider: markerPos = 1.037037037037037
31.2100 	EXP 	slider: markerPos = 1.037037037037037
31.2265 	EXP 	slider: markerPos = 1.037037037037037
31.2432 	EXP 	slider: markerPos = 1.037037037037037
31.2599 	EXP 	slider: markerPos = 1.037037037037037
31.2623 	DATA 	Mouse:  Left button up, pos=(430,206)
31.2767 	EXP 	slider: markerPos = 1.037037037037037
31.2803 	EXP 	New trial (rep=3, index=1): {'study_words': 'book'}
31.2993 	EXP 	text: autoDraw = False
31.2993 	EXP 	slider: autoDraw = False
31.2993 	EXP 	text: height = 0.05
31.2993 	EXP 	text: height = 0.05
31.2993 	EXP 	text: height = 0.05
31.2993 	EXP 	text: text = 'book'
31.2993 	EXP 	slider: markerPos = None
31.2993 	EXP 	slider: markerPos = None
31.2993 	EXP 	text: autoDraw = True
31.2993 	EXP 	slider: autoDraw = True
31.6619 	DATA 	Mouse: Left button down, pos=(430,206)
31.6769 	EXP 	slider: markerPos = 1.037037037037037
31.6936 	EXP 	slider: markerPos = 1.037037037037037
31.7100 	EXP 	slider: markerPos = 1.037037037037037
31.7269 	EXP 	slider: markerPos = 1.037037037037037
31.7436 	EXP 	slider: markerPos = 1.037037037037037
31.7604 	EXP 	slider: markerPos = 1.037037037037037
31.7769 	EXP 	slider: markerPos = 1.037037037037037
31.7941 	EXP 	slider: markerPos = 1.037037037037037
31.8103 	EXP 	slider: markerPos = 1.037037037037037
31.8268 	EXP 	slider: markerPos = 1.037037037037037
31.8435 	EXP 	slider: markerPos = 1.037037037037037
31.8601 	EXP 	slider: markerPos = 1.037037037037037
31.8769 	EXP 	slider: markerPos = 1.037037037037037
31.8857 	DATA 	Mouse:  Left button up, pos=(430,206)
31.8936 	EXP 	slider: markerPos = 1.037037037037037
31.9102 	EXP 	slider: markerPos = 1.037037037037037
31.9137 	EXP 	New trial (rep=3, index=2): {'study_words': 'vase'}
31.9278 	EXP 	text: autoDraw = False
31.9278 	EXP 	slider: autoDraw = False
31.9278 	EXP 	text: height = 0.05
31.9278 	EXP 	text: height = 0.05
31.9278 	EXP 	text: height = 0.05
31.9278 	EXP 	text: text = 'vase'
31.9278 	EXP 	slider: markerPos = None
31.9278 	EXP 	slider: markerPos = None
31.9278 	EXP 	text: autoDraw = True
31.9278 	EXP 	slider: autoDraw = True
32.2790 	DATA 	Mouse: Left button down, pos=(430,206)
32.2936 	EXP 	slider: markerPos = 1.037037037037037
32.3104 	EXP 	slider: markerPos = 1.037037037037037
32.3270 	EXP 	slider: markerPos = 1.037037037037037
32.3436 	EXP 	slider: markerPos = 1.037037037037037
32.3603 	EXP 	slider: markerPos = 1.037037037037037
32.3771 	EXP 	slider: markerPos = 1.037037037037037
32.3937 	EXP 	slider: markerPos = 1.037037037037037
32.4105 	EXP 	slider: markerPos = 1.037037037037037
32.4271 	EXP 	slider: markerPos = 1.037037037037037
32.4438 	EXP 	slider: markerPos = 1.037037037037037
32.4605 	EXP 	slider: markerPos = 1.037037037037037
32.4771 	EXP 	slider: markerPos = 1.037037037037037
32.4938 	EXP 	slider: markerPos = 1.037037037037037
32.5105 	EXP 	slider: markerPos = 1.037037037037037
32.5120 	DATA 	Mouse:  Left button up, pos=(430,206)
32.5272 	EXP 	slider: markerPos = 1.037037037037037
32.5302 	EXP 	New trial (rep=3, index=3): {'study_words': 'piano'}
32.5465 	EXP 	text: autoDraw = False
32.5465 	EXP 	slider: autoDraw = False
32.5465 	EXP 	text: height = 0.05
32.5465 	EXP 	text: height = 0.05
32.5465 	EXP 	text: height = 0.05
32.5465 	EXP 	text: text = 'piano'
32.5465 	EXP 	slider: markerPos = None
32.5465 	EXP 	slider: markerPos = None
32.5465 	EXP 	text: autoDraw = True
32.5465 	EXP 	slider: autoDraw = True
32.8958 	DATA 	Mouse: Left button down, pos=(430,206)
32.9106 	EXP 	slider: markerPos = 1.037037037037037
32.9272 	EXP 	slider: markerPos = 1.037037037037037
32.9441 	EXP 	slider: markerPos = 1.037037037037037
32.9606 	EXP 	slider: markerPos = 1.037037037037037
32.9774 	EXP 	slider: markerPos = 1.037037037037037
32.9940 	EXP 	slider: markerPos = 1.037037037037037
33.0107 	EXP 	slider: markerPos = 1.037037037037037
33.0273 	EXP 	slider: markerPos = 1.037037037037037
33.0440 	EXP 	slider: markerPos = 1.037037037037037
33.0606 	EXP 	slider: markerPos = 1.037037037037037
33.0774 	EXP 	slider: markerPos = 1.037037037037037
33.0940 	EXP 	slider: markerPos = 1.037037037037037
33.1107 	EXP 	slider: markerPos = 1.037037037037037
33.1191 	DATA 	Mouse:  Left button up, pos=(430,206)
33.1275 	EXP 	slider: markerPos = 1.037037037037037
33.1441 	EXP 	slider: markerPos = 1.037037037037037
33.1479 	EXP 	New trial (rep=3, index=4): {'study_words': 'tiger'}
33.1628 	EXP 	text: autoDraw = False
33.1628 	EXP 	slider: autoDraw = False
33.1628 	EXP 	text: height = 0.05
33.1628 	EXP 	text: height = 0.05
33.1628 	EXP 	text: height = 0.05
33.1628 	EXP 	text: text = 'tiger'
33.1628 	EXP 	slider: markerPos = None
33.1628 	EXP 	slider: markerPos = None
33.1628 	EXP 	text: autoDraw = True
33.1628 	EXP 	slider: autoDraw = True
33.3835 	DATA 	Mouse: Left button down, pos=(430,206)
33.4108 	EXP 	slider: markerPos = 1.037037037037037
33.4274 	EXP 	slider: markerPos = 1.037037037037037
33.4441 	EXP 	slider: markerPos = 1.037037037037037
33.4609 	EXP 	slider: markerPos = 1.037037037037037
33.4775 	EXP 	slider: markerPos = 1.037037037037037
33.4941 	EXP 	slider: markerPos = 1.037037037037037
33.5109 	EXP 	slider: markerPos = 1.037037037037037
33.5275 	EXP 	slider: markerPos = 1.037037037037037
33.5442 	EXP 	slider: markerPos = 1.037037037037037
33.5617 	EXP 	slider: markerPos = 1.037037037037037
33.5775 	EXP 	slider: markerPos = 1.037037037037037
33.5944 	EXP 	slider: markerPos = 1.037037037037037
33.6109 	EXP 	slider: markerPos = 1.037037037037037
33.6126 	DATA 	Mouse:  Left button up, pos=(430,206)
33.6276 	EXP 	slider: markerPos = 1.037037037037037
33.6306 	EXP 	New trial (rep=4, index=0): {'study_words': 'tiger'}
33.6442 	EXP 	text: autoDraw = False
33.6442 	EXP 	slider: autoDraw = False
33.6442 	EXP 	text: text = 'tiger'
33.6442 	EXP 	slider: markerPos = None
33.6442 	EXP 	slider: markerPos = None
33.6442 	EXP 	text: autoDraw = True
33.6442 	EXP 	slider: autoDraw = True
33.7959 	DATA 	Mouse: Left button down, pos=(430,206)
33.8110 	EXP 	slider: markerPos = 1.037037037037037
33.8277 	EXP 	slider: markerPos = 1.037037037037037
33.8443 	EXP 	slider: markerPos = 1.037037037037037
33.8609 	EXP 	slider: markerPos = 1.037037037037037
33.8777 	EXP 	slider: markerPos = 1.037037037037037
33.8943 	EXP 	slider: markerPos = 1.037037037037037
33.9109 	EXP 	slider: markerPos = 1.037037037037037
33.9276 	EXP 	slider: markerPos = 1.037037037037037
33.9445 	EXP 	slider: markerPos = 1.037037037037037
33.9609 	EXP 	slider: markerPos = 1.037037037037037
33.9776 	EXP 	slider: markerPos = 1.037037037037037
33.9943 	EXP 	slider: markerPos = 1.037037037037037
34.0110 	EXP 	slider: markerPos = 1.037037037037037
34.0126 	DATA 	Mouse:  Left button up, pos=(430,206)
34.0277 	EXP 	slider: markerPos = 1.037037037037037
34.0306 	EXP 	New trial (rep=4, index=1): {'study_words': 'piano'}
34.0482 	EXP 	text: autoDraw = False
34.0482 	EXP 	slider: autoDraw = False
34.0482 	EXP 	text: height = 0.05
34.0482 	EXP 	text: height = 0.05
34.0482 	EXP 	text: height = 0.05
34.0482 	EXP 	text: text = 'piano'
34.0482 	EXP 	slider: markerPos = None
34.0482 	EXP 	slider: markerPos = None
34.0482 	EXP 	text: autoDraw = True
34.0482 	EXP 	slider: autoDraw = True
34.4627 	DATA 	Mouse: Left button down, pos=(430,206)
34.4778 	EXP 	slider: markerPos = 1.037037037037037
34.4945 	EXP 	slider: markerPos = 1.037037037037037
34.5112 	EXP 	slider: markerPos = 1.037037037037037
34.5277 	EXP 	slider: markerPos = 1.037037037037037
34.5446 	EXP 	slider: markerPos = 1.037037037037037
34.5612 	EXP 	slider: markerPos = 1.037037037037037
34.5781 	EXP 	slider: markerPos = 1.037037037037037
34.5946 	EXP 	slider: markerPos = 1.037037037037037
34.6113 	EXP 	slider: markerPos = 1.037037037037037
34.6280 	EXP 	slider: markerPos = 1.037037037037037
34.6445 	EXP 	slider: markerPos = 1.037037037037037
34.6611 	EXP 	slider: markerPos = 1.037037037037037
34.6711 	DATA 	Mouse:  Left button up, pos=(430,206)
34.6779 	EXP 	slider: markerPos = 1.037037037037037
34.6946 	EXP 	slider: markerPos = 1.037037037037037
34.6977 	EXP 	New trial (rep=4, index=2): {'study_words': 'cushion'}
34.7143 	EXP 	text: autoDraw = False
34.7143 	EXP 	slider: autoDraw = False
34.7143 	EXP 	text: height = 0.05
34.7143 	EXP 	text: height = 0.05
34.7143 	EXP 	text: height = 0.05
34.7143 	EXP 	text: text = 'cushion'
34.7143 	EXP 	slider: markerPos = None
34.7143 	EXP 	slider: markerPos = None
34.7143 	EXP 	text: autoDraw = True
34.7143 	EXP 	slider: autoDraw = True
35.0798 	DATA 	Mouse: Left button down, pos=(430,206)
35.0947 	EXP 	slider: markerPos = 1.037037037037037
35.1114 	EXP 	slider: markerPos = 1.037037037037037
35.1282 	EXP 	slider: markerPos = 1.037037037037037
35.1447 	EXP 	slider: markerPos = 1.037037037037037
35.1615 	EXP 	slider: markerPos = 1.037037037037037
35.1781 	EXP 	slider: markerPos = 1.037037037037037
35.1947 	EXP 	slider: markerPos = 1.037037037037037
35.2114 	EXP 	slider: markerPos = 1.037037037037037
35.2281 	EXP 	slider: markerPos = 1.037037037037037
35.2450 	EXP 	slider: markerPos = 1.037037037037037
35.2616 	EXP 	slider: markerPos = 1.037037037037037
35.2782 	EXP 	slider: markerPos = 1.037037037037037
35.2948 	EXP 	slider: markerPos = 1.037037037037037
35.3036 	DATA 	Mouse:  Left button up, pos=(430,206)
35.3114 	EXP 	slider: markerPos = 1.037037037037037
35.3281 	EXP 	slider: markerPos = 1.037037037037037
35.3313 	EXP 	New trial (rep=4, index=3): {'study_words': 'book'}
35.3475 	EXP 	text: autoDraw = False
35.3475 	EXP 	slider: autoDraw = False
35.3475 	EXP 	text: height = 0.05
35.3475 	EXP 	text: height = 0.05
35.3475 	EXP 	text: height = 0.05
35.3475 	EXP 	text: text = 'book'
35.3475 	EXP 	slider: markerPos = None
35.3475 	EXP 	slider: markerPos = None
35.3475 	EXP 	text: autoDraw = True
35.3475 	EXP 	slider: autoDraw = True
35.9467 	DATA 	Mouse: Left button down, pos=(430,206)
35.9617 	EXP 	slider: markerPos = 1.037037037037037
35.9785 	EXP 	slider: markerPos = 1.037037037037037
35.9951 	EXP 	slider: markerPos = 1.037037037037037
36.0117 	EXP 	slider: markerPos = 1.037037037037037
36.0284 	EXP 	slider: markerPos = 1.037037037037037
36.0451 	EXP 	slider: markerPos = 1.037037037037037
36.0617 	EXP 	slider: markerPos = 1.037037037037037
36.0784 	EXP 	slider: markerPos = 1.037037037037037
36.0952 	EXP 	slider: markerPos = 1.037037037037037
36.1117 	EXP 	slider: markerPos = 1.037037037037037
36.1285 	EXP 	slider: markerPos = 1.037037037037037
36.1450 	EXP 	slider: markerPos = 1.037037037037037
36.1618 	EXP 	slider: markerPos = 1.037037037037037
36.1638 	DATA 	Mouse:  Left button up, pos=(430,206)
36.1785 	EXP 	slider: markerPos = 1.037037037037037
36.1817 	EXP 	New trial (rep=4, index=4): {'study_words': 'vase'}
36.1975 	EXP 	text: autoDraw = False
36.1975 	EXP 	slider: autoDraw = False
36.1975 	EXP 	text: height = 0.05
36.1975 	EXP 	text: height = 0.05
36.1975 	EXP 	text: height = 0.05
36.1975 	EXP 	text: text = 'vase'
36.1975 	EXP 	slider: markerPos = None
36.1975 	EXP 	slider: markerPos = None
36.1975 	EXP 	text: autoDraw = True
36.1975 	EXP 	slider: autoDraw = True
36.7303 	DATA 	Mouse: Left button down, pos=(430,206)
36.7454 	EXP 	slider: markerPos = 1.037037037037037
36.7620 	EXP 	slider: markerPos = 1.037037037037037
36.7787 	EXP 	slider: markerPos = 1.037037037037037
36.7953 	EXP 	slider: markerPos = 1.037037037037037
36.8123 	EXP 	slider: markerPos = 1.037037037037037
36.8287 	EXP 	slider: markerPos = 1.037037037037037
36.8454 	EXP 	slider: markerPos = 1.037037037037037
36.8620 	EXP 	slider: markerPos = 1.037037037037037
36.8788 	EXP 	slider: markerPos = 1.037037037037037
36.8955 	EXP 	slider: markerPos = 1.037037037037037
36.9121 	EXP 	slider: markerPos = 1.037037037037037
36.9287 	EXP 	slider: markerPos = 1.037037037037037
36.9456 	EXP 	slider: markerPos = 1.037037037037037
36.9555 	DATA 	Mouse:  Left button up, pos=(430,206)
36.9621 	EXP 	slider: markerPos = 1.037037037037037
36.9788 	EXP 	slider: markerPos = 1.037037037037037
37.0001 	EXP 	Imported test.xlsx as conditions, 10 conditions, 1 params
37.0006 	EXP 	Created sequence: random, trialTypes=10, nReps=1, seed=None
37.0009 	EXP 	New trial (rep=0, index=0): {'test_words': '_ia_n_'}
37.0205 	EXP 	text: autoDraw = False
37.0205 	EXP 	slider: autoDraw = False
37.0205 	EXP 	text_2: height = 0.05
37.0205 	EXP 	text_2: height = 0.05
37.0205 	EXP 	text_2: height = 0.05
37.0205 	EXP 	text_2: text = '_ia_n_'
37.0205 	EXP 	text_2: autoDraw = True
37.0205 	EXP 	textbox: autoDraw = True
37.0205 	EXP 	text_3: autoDraw = True
38.1832 	DATA 	Mouse: Left button down, pos=(430,206)
38.4134 	DATA 	Mouse:  Left button up, pos=(430,206)
41.3686 	DATA 	Keypress: p
41.5643 	DATA 	Keypress: i
41.7378 	DATA 	Keypress: a
41.8644 	DATA 	Keypress: n
42.0684 	DATA 	Keypress: o
43.5185 	DATA 	Mouse: Left button down, pos=(967,213)
43.5332 	EXP 	New trial (rep=0, index=1): {'test_words': '_p_a_d_'}
43.5479 	EXP 	text_2: autoDraw = False
43.5479 	EXP 	textbox: autoDraw = False
43.5479 	EXP 	text_3: autoDraw = False
43.5479 	EXP 	text_2: height = 0.05
43.5479 	EXP 	text_2: height = 0.05
43.5479 	EXP 	text_2: height = 0.05
43.5479 	EXP 	text_2: text = '_p_a_d_'
43.5479 	EXP 	text_2: autoDraw = True
43.5479 	EXP 	textbox: autoDraw = True
43.5479 	EXP 	text_3: autoDraw = True
43.7355 	DATA 	Mouse:  Left button up, pos=(967,213)
46.6161 	DATA 	Keypress: escape
47.3199 	EXP 	window1: mouseVisible = True
